2023-07-05 09:12:09.311 [info] Extension host with pid 70324 started
2023-07-05 09:12:09.344 [info] Lock '/root/.vscode-server/data/User/workspaceStorage/cef26472797794d4d938284c378c7fb9/vscode.lock': Lock acquired.
2023-07-05 09:12:09.455 [info] ExtensionService#_doActivateExtension vscode.emmet, startup: false, activationEvent: 'onLanguage'
2023-07-05 09:12:09.459 [info] ExtensionService#_doActivateExtension ms-python.python, startup: false, activationEvent: 'onLanguage:python'
2023-07-05 09:12:10.000 [warning] Using default string since no string found in i18n bundle that has the key: You need to select a Python interpreter before you start debugging.

Tip: click on "Select Interpreter" in the status bar.
2023-07-05 09:12:10.002 [warning] Using default string since no string found in i18n bundle that has the key: The Python extension now includes Pylance to improve completions, code navigation, overall performance and much more! You can learn more about the update and learn how to change your language server [here](https://aka.ms/new-python-bundle).

Read Pylance's license [here](https://marketplace.visualstudio.com/items/ms-python.vscode-pylance/license).
2023-07-05 09:12:10.004 [warning] Using default string since no string found in i18n bundle that has the key: The Microsoft Python Language Server has reached end of life. Your language server has been set to the default for Python in VS Code, Pylance.

If you'd like to change your language server, you can learn about how to do so [here](https://devblogs.microsoft.com/python/python-in-visual-studio-code-may-2021-release/#configuring-your-language-server).

Read Pylance's license [here](https://marketplace.visualstudio.com/items/ms-python.vscode-pylance/license).
2023-07-05 09:12:10.337 [info] ExtensionService#_doActivateExtension ms-python.vscode-pylance, startup: false, activationEvent: 'onLanguage:python'
2023-07-05 09:12:10.818 [info] ExtensionService#_doActivateExtension vscode.git-base, startup: true, activationEvent: '*', root cause: vscode.git
2023-07-05 09:12:11.562 [info] ExtensionService#_doActivateExtension vscode.git, startup: true, activationEvent: '*'
2023-07-05 09:12:11.582 [info] ExtensionService#_doActivateExtension vscode.github, startup: true, activationEvent: '*'
2023-07-05 09:12:11.993 [info] Eager extensions activated
2023-07-05 09:12:11.998 [info] ExtensionService#_doActivateExtension vscode.debug-auto-launch, startup: false, activationEvent: 'onStartupFinished'
2023-07-05 09:12:12.014 [info] ExtensionService#_doActivateExtension vscode.merge-conflict, startup: false, activationEvent: 'onStartupFinished'
2023-07-05 09:12:12.036 [info] ExtensionService#_doActivateExtension esbenp.prettier-vscode, startup: false, activationEvent: 'onStartupFinished'
2023-07-05 09:12:12.039 [info] ExtensionService#_doActivateExtension formulahendry.code-runner, startup: false, activationEvent: 'onStartupFinished'
2023-07-05 09:14:48.728 [error] Error: ENOENT: no such file or directory, open '/root/.vscode-server/data/User/workspaceStorage/cef26472797794d4d938284c378c7fb9/vscode.lock'
2023-07-05 09:14:48.738 [info] Lock '/root/.vscode-server/data/User/workspaceStorage/cef26472797794d4d938284c378c7fb9/vscode.lock': The lock was lost unexpectedly.
2023-07-05 09:14:48.752 [error] Error: ENOENT: no such file or directory, utime '/root/.vscode-server/data/User/workspaceStorage/cef26472797794d4d938284c378c7fb9/vscode.lock'
2023-07-05 09:14:48.755 [info] Lock '/root/.vscode-server/data/User/workspaceStorage/cef26472797794d4d938284c378c7fb9/vscode.lock': Could not update mtime.
2023-07-05 10:07:26.160 [info] ExtensionService#_doActivateExtension vscode.npm, startup: false, activationEvent: 'onTerminalQuickFixRequest:ms-vscode.npm-command'
2023-07-05 10:07:26.235 [error] Activating extension vscode.npm failed due to an error:
2023-07-05 10:07:26.236 [error] Error: Cannot find module '/root/.vscode-server/bin/b380da4ef1ee00e224a15c1d4d9793e27c2b6302/extensions/npm/dist/npmMain'
Require stack:
- /root/.vscode-server/bin/b380da4ef1ee00e224a15c1d4d9793e27c2b6302/out/vs/loader.js
- /root/.vscode-server/bin/b380da4ef1ee00e224a15c1d4d9793e27c2b6302/out/bootstrap-amd.js
- /root/.vscode-server/bin/b380da4ef1ee00e224a15c1d4d9793e27c2b6302/out/bootstrap-fork.js
	at Function.Module._resolveFilename (node:internal/modules/cjs/loader:956:15)
	at Function.Module._load (node:internal/modules/cjs/loader:804:27)
	at Function.f._load (/root/.vscode-server/bin/b380da4ef1ee00e224a15c1d4d9793e27c2b6302/out/vs/workbench/api/node/extensionHostProcess.js:128:30006)
	at Function.E._load (/root/.vscode-server/bin/b380da4ef1ee00e224a15c1d4d9793e27c2b6302/out/vs/workbench/api/node/extensionHostProcess.js:128:26701)
	at Function.C._load (/root/.vscode-server/bin/b380da4ef1ee00e224a15c1d4d9793e27c2b6302/out/vs/workbench/api/node/extensionHostProcess.js:92:24636)
	at Module.require (node:internal/modules/cjs/loader:1028:19)
	at require (node:internal/modules/cjs/helpers:102:18)
	at Function.i [as __$__nodeRequire] (/root/.vscode-server/bin/b380da4ef1ee00e224a15c1d4d9793e27c2b6302/out/vs/loader.js:5:98)
	at n.sb (/root/.vscode-server/bin/b380da4ef1ee00e224a15c1d4d9793e27c2b6302/out/vs/workbench/api/node/extensionHostProcess.js:128:28020)
	at processTicksAndRejections (node:internal/process/task_queues:96:5)
	at async Promise.all (index 0)
	at async b.n (/root/.vscode-server/bin/b380da4ef1ee00e224a15c1d4d9793e27c2b6302/out/vs/workbench/api/node/extensionHostProcess.js:98:6644)
	at async b.m (/root/.vscode-server/bin/b380da4ef1ee00e224a15c1d4d9793e27c2b6302/out/vs/workbench/api/node/extensionHostProcess.js:98:6607)
	at async b.l (/root/.vscode-server/bin/b380da4ef1ee00e224a15c1d4d9793e27c2b6302/out/vs/workbench/api/node/extensionHostProcess.js:98:6064)
