2023-07-04 10:52:16.356 [info] ログ レベル: Info
2023-07-04 10:52:16.357 [info] Git の検証が検出されました: "git"
2023-07-04 10:52:16.360 [info] "git" から Git "2.39.2" を使用しています
2023-07-04 10:52:16.362 [info] > git rev-parse --show-toplevel [11ms]
2023-07-04 10:52:16.363 [info] fatal: not a git repository (or any parent up to mount point /)
Stopping at filesystem boundary (GIT_DISCOVERY_ACROSS_FILESYSTEM not set).
2023-07-04 10:52:16.364 [info] > git rev-parse --show-toplevel [7ms]
2023-07-04 10:52:16.365 [info] fatal: not a git repository (or any parent up to mount point /)
Stopping at filesystem boundary (GIT_DISCOVERY_ACROSS_FILESYSTEM not set).
2023-07-04 10:52:16.367 [info] > git rev-parse --show-toplevel [12ms]
2023-07-04 10:52:16.369 [info] fatal: not a git repository (or any parent up to mount point /)
Stopping at filesystem boundary (GIT_DISCOVERY_ACROSS_FILESYSTEM not set).
2023-07-04 10:52:16.371 [info] > git rev-parse --show-toplevel [8ms]
2023-07-04 10:52:16.374 [info] fatal: not a git repository (or any parent up to mount point /)
Stopping at filesystem boundary (GIT_DISCOVERY_ACROSS_FILESYSTEM not set).
2023-07-04 10:52:31.855 [info] > git rev-parse --show-toplevel [9ms]
2023-07-04 10:52:31.856 [info] fatal: not a git repository (or any parent up to mount point /)
Stopping at filesystem boundary (GIT_DISCOVERY_ACROSS_FILESYSTEM not set).
2023-07-04 10:54:30.110 [info] > git rev-parse --show-toplevel [11ms]
2023-07-04 10:54:30.111 [info] fatal: not a git repository (or any parent up to mount point /)
Stopping at filesystem boundary (GIT_DISCOVERY_ACROSS_FILESYSTEM not set).
2023-07-04 10:54:53.869 [info] > git rev-parse --show-toplevel [45ms]
2023-07-04 10:54:53.870 [info] fatal: not a git repository (or any parent up to mount point /)
Stopping at filesystem boundary (GIT_DISCOVERY_ACROSS_FILESYSTEM not set).
2023-07-04 10:54:56.372 [info] > git rev-parse --show-toplevel [43ms]
2023-07-04 10:54:56.374 [info] fatal: not a git repository (or any parent up to mount point /)
Stopping at filesystem boundary (GIT_DISCOVERY_ACROSS_FILESYSTEM not set).
2023-07-04 10:55:48.685 [info] > git rev-parse --show-toplevel [7ms]
2023-07-04 10:55:48.687 [info] fatal: not a git repository (or any parent up to mount point /)
Stopping at filesystem boundary (GIT_DISCOVERY_ACROSS_FILESYSTEM not set).
2023-07-04 10:55:48.948 [info] > git rev-parse --show-toplevel [7ms]
2023-07-04 10:55:48.949 [info] fatal: not a git repository (or any parent up to mount point /)
Stopping at filesystem boundary (GIT_DISCOVERY_ACROSS_FILESYSTEM not set).
2023-07-04 10:55:49.516 [info] > git rev-parse --show-toplevel [22ms]
2023-07-04 10:55:49.518 [info] fatal: not a git repository (or any parent up to mount point /)
Stopping at filesystem boundary (GIT_DISCOVERY_ACROSS_FILESYSTEM not set).
2023-07-04 11:55:41.935 [info] > git rev-parse --show-toplevel [10ms]
2023-07-04 11:55:41.936 [info] fatal: not a git repository (or any parent up to mount point /)
Stopping at filesystem boundary (GIT_DISCOVERY_ACROSS_FILESYSTEM not set).
2023-07-04 11:56:23.765 [info] > git rev-parse --show-toplevel [30ms]
2023-07-04 11:56:23.768 [info] fatal: not a git repository (or any parent up to mount point /)
Stopping at filesystem boundary (GIT_DISCOVERY_ACROSS_FILESYSTEM not set).
2023-07-04 11:56:40.858 [info] > git rev-parse --show-toplevel [8ms]
2023-07-04 11:56:40.859 [info] fatal: not a git repository (or any parent up to mount point /)
Stopping at filesystem boundary (GIT_DISCOVERY_ACROSS_FILESYSTEM not set).
2023-07-04 11:56:44.176 [info] > git rev-parse --show-toplevel [11ms]
2023-07-04 11:56:44.177 [info] fatal: not a git repository (or any parent up to mount point /)
Stopping at filesystem boundary (GIT_DISCOVERY_ACROSS_FILESYSTEM not set).
2023-07-04 11:58:53.030 [info] > git rev-parse --show-toplevel [26ms]
2023-07-04 11:58:53.033 [info] fatal: not a git repository (or any parent up to mount point /)
Stopping at filesystem boundary (GIT_DISCOVERY_ACROSS_FILESYSTEM not set).
2023-07-04 11:58:54.605 [info] > git rev-parse --show-toplevel [7ms]
2023-07-04 11:58:54.608 [info] fatal: not a git repository (or any parent up to mount point /)
Stopping at filesystem boundary (GIT_DISCOVERY_ACROSS_FILESYSTEM not set).
2023-07-04 11:58:57.194 [info] > git rev-parse --show-toplevel [35ms]
2023-07-04 11:58:57.196 [info] fatal: not a git repository (or any parent up to mount point /)
Stopping at filesystem boundary (GIT_DISCOVERY_ACROSS_FILESYSTEM not set).
2023-07-04 11:59:30.097 [info] > git rev-parse --show-toplevel [9ms]
2023-07-04 11:59:30.099 [info] fatal: not a git repository (or any parent up to mount point /)
Stopping at filesystem boundary (GIT_DISCOVERY_ACROSS_FILESYSTEM not set).
2023-07-04 11:59:48.015 [info] > git rev-parse --show-toplevel [16ms]
2023-07-04 11:59:48.017 [info] fatal: not a git repository (or any parent up to mount point /)
Stopping at filesystem boundary (GIT_DISCOVERY_ACROSS_FILESYSTEM not set).
2023-07-04 12:00:02.720 [info] > git rev-parse --show-toplevel [8ms]
2023-07-04 12:00:02.722 [info] fatal: not a git repository (or any parent up to mount point /)
Stopping at filesystem boundary (GIT_DISCOVERY_ACROSS_FILESYSTEM not set).
2023-07-04 12:00:50.255 [info] > git rev-parse --show-toplevel [9ms]
2023-07-04 12:00:50.257 [info] fatal: not a git repository (or any parent up to mount point /)
Stopping at filesystem boundary (GIT_DISCOVERY_ACROSS_FILESYSTEM not set).
2023-07-04 12:00:51.958 [info] > git rev-parse --show-toplevel [12ms]
2023-07-04 12:00:51.962 [info] fatal: not a git repository (or any parent up to mount point /)
Stopping at filesystem boundary (GIT_DISCOVERY_ACROSS_FILESYSTEM not set).
2023-07-04 12:02:52.581 [info] > git rev-parse --show-toplevel [8ms]
2023-07-04 12:02:52.582 [info] fatal: not a git repository (or any parent up to mount point /)
Stopping at filesystem boundary (GIT_DISCOVERY_ACROSS_FILESYSTEM not set).
2023-07-04 12:03:28.272 [info] > git rev-parse --show-toplevel [7ms]
2023-07-04 12:03:28.283 [info] fatal: not a git repository (or any of the parent directories): .git
2023-07-04 12:03:50.203 [info] > git rev-parse --show-toplevel [10ms]
2023-07-04 12:03:50.206 [info] fatal: not a git repository (or any parent up to mount point /)
Stopping at filesystem boundary (GIT_DISCOVERY_ACROSS_FILESYSTEM not set).
2023-07-04 12:03:51.614 [info] > git rev-parse --show-toplevel [17ms]
2023-07-04 12:03:51.616 [info] fatal: not a git repository (or any of the parent directories): .git
2023-07-04 12:04:06.856 [info] > git rev-parse --show-toplevel [10ms]
2023-07-04 12:04:06.858 [info] fatal: not a git repository (or any parent up to mount point /)
Stopping at filesystem boundary (GIT_DISCOVERY_ACROSS_FILESYSTEM not set).
2023-07-04 12:04:23.897 [info] > git rev-parse --show-toplevel [7ms]
2023-07-04 12:04:23.898 [info] fatal: not a git repository (or any of the parent directories): .git
2023-07-04 12:04:26.737 [info] > git rev-parse --show-toplevel [13ms]
2023-07-04 12:04:26.738 [info] fatal: not a git repository (or any parent up to mount point /)
Stopping at filesystem boundary (GIT_DISCOVERY_ACROSS_FILESYSTEM not set).
2023-07-04 12:04:28.000 [info] > git rev-parse --show-toplevel [10ms]
2023-07-04 12:04:28.002 [info] fatal: not a git repository (or any of the parent directories): .git
2023-07-04 12:04:42.891 [info] > git rev-parse --show-toplevel [12ms]
2023-07-04 12:04:42.894 [info] fatal: not a git repository (or any parent up to mount point /)
Stopping at filesystem boundary (GIT_DISCOVERY_ACROSS_FILESYSTEM not set).
2023-07-04 12:05:58.672 [info] > git rev-parse --show-toplevel [15ms]
2023-07-04 12:05:58.674 [info] fatal: not a git repository (or any parent up to mount point /)
Stopping at filesystem boundary (GIT_DISCOVERY_ACROSS_FILESYSTEM not set).
2023-07-04 12:05:59.233 [info] > git rev-parse --show-toplevel [10ms]
2023-07-04 12:05:59.235 [info] fatal: not a git repository (or any parent up to mount point /)
Stopping at filesystem boundary (GIT_DISCOVERY_ACROSS_FILESYSTEM not set).
2023-07-04 12:06:09.214 [info] > git rev-parse --show-toplevel [23ms]
2023-07-04 12:06:09.216 [info] fatal: not a git repository (or any parent up to mount point /)
Stopping at filesystem boundary (GIT_DISCOVERY_ACROSS_FILESYSTEM not set).
2023-07-04 12:06:09.574 [info] > git rev-parse --show-toplevel [12ms]
2023-07-04 12:06:09.576 [info] fatal: not a git repository (or any parent up to mount point /)
Stopping at filesystem boundary (GIT_DISCOVERY_ACROSS_FILESYSTEM not set).
2023-07-04 12:06:10.785 [info] > git rev-parse --show-toplevel [12ms]
2023-07-04 12:06:10.786 [info] fatal: not a git repository (or any parent up to mount point /)
Stopping at filesystem boundary (GIT_DISCOVERY_ACROSS_FILESYSTEM not set).
2023-07-04 12:06:11.689 [info] > git rev-parse --show-toplevel [14ms]
2023-07-04 12:06:11.690 [info] fatal: not a git repository (or any parent up to mount point /)
Stopping at filesystem boundary (GIT_DISCOVERY_ACROSS_FILESYSTEM not set).
2023-07-04 12:06:12.559 [info] > git rev-parse --show-toplevel [27ms]
2023-07-04 12:06:12.561 [info] fatal: not a git repository (or any parent up to mount point /)
Stopping at filesystem boundary (GIT_DISCOVERY_ACROSS_FILESYSTEM not set).
2023-07-04 12:06:14.031 [info] > git rev-parse --show-toplevel [7ms]
2023-07-04 12:06:14.033 [info] fatal: not a git repository (or any parent up to mount point /)
Stopping at filesystem boundary (GIT_DISCOVERY_ACROSS_FILESYSTEM not set).
2023-07-04 12:07:55.233 [info] > git rev-parse --show-toplevel [12ms]
2023-07-04 12:07:55.235 [info] fatal: not a git repository (or any parent up to mount point /)
Stopping at filesystem boundary (GIT_DISCOVERY_ACROSS_FILESYSTEM not set).
2023-07-04 12:09:15.333 [info] > git rev-parse --show-toplevel [12ms]
2023-07-04 12:09:15.351 [info] fatal: not a git repository (or any parent up to mount point /)
Stopping at filesystem boundary (GIT_DISCOVERY_ACROSS_FILESYSTEM not set).
2023-07-04 12:09:17.630 [info] > git rev-parse --show-toplevel [11ms]
2023-07-04 12:09:17.633 [info] fatal: not a git repository (or any parent up to mount point /)
Stopping at filesystem boundary (GIT_DISCOVERY_ACROSS_FILESYSTEM not set).
2023-07-04 12:09:40.192 [info] > git rev-parse --show-toplevel [18ms]
2023-07-04 12:09:40.194 [info] fatal: not a git repository (or any of the parent directories): .git
2023-07-04 12:10:13.629 [info] > git rev-parse --show-toplevel [11ms]
2023-07-04 12:10:13.631 [info] fatal: not a git repository (or any parent up to mount point /)
Stopping at filesystem boundary (GIT_DISCOVERY_ACROSS_FILESYSTEM not set).
2023-07-04 12:54:50.577 [info] > git rev-parse --show-toplevel [17ms]
2023-07-04 12:54:50.580 [info] fatal: not a git repository (or any parent up to mount point /)
Stopping at filesystem boundary (GIT_DISCOVERY_ACROSS_FILESYSTEM not set).
2023-07-04 13:10:21.609 [info] > git rev-parse --show-toplevel [6ms]
2023-07-04 13:10:21.611 [info] fatal: not a git repository (or any of the parent directories): .git
2023-07-04 13:10:22.741 [info] > git rev-parse --show-toplevel [10ms]
2023-07-04 13:10:22.743 [info] fatal: not a git repository (or any parent up to mount point /)
Stopping at filesystem boundary (GIT_DISCOVERY_ACROSS_FILESYSTEM not set).
2023-07-04 13:11:38.359 [info] > git rev-parse --show-toplevel [11ms]
2023-07-04 13:11:38.361 [info] fatal: not a git repository (or any parent up to mount point /)
Stopping at filesystem boundary (GIT_DISCOVERY_ACROSS_FILESYSTEM not set).
2023-07-04 13:11:44.305 [info] > git rev-parse --show-toplevel [10ms]
2023-07-04 13:11:44.306 [info] fatal: not a git repository (or any parent up to mount point /)
Stopping at filesystem boundary (GIT_DISCOVERY_ACROSS_FILESYSTEM not set).
2023-07-04 13:12:15.875 [info] > git rev-parse --show-toplevel [12ms]
2023-07-04 13:12:15.877 [info] fatal: not a git repository (or any parent up to mount point /)
Stopping at filesystem boundary (GIT_DISCOVERY_ACROSS_FILESYSTEM not set).
2023-07-04 13:12:18.138 [info] > git rev-parse --show-toplevel [8ms]
2023-07-04 13:12:18.139 [info] fatal: not a git repository (or any parent up to mount point /)
Stopping at filesystem boundary (GIT_DISCOVERY_ACROSS_FILESYSTEM not set).
2023-07-04 13:12:18.168 [info] > git rev-parse --show-toplevel [14ms]
2023-07-04 13:12:18.172 [info] fatal: not a git repository (or any parent up to mount point /)
Stopping at filesystem boundary (GIT_DISCOVERY_ACROSS_FILESYSTEM not set).
2023-07-04 13:12:19.618 [info] > git rev-parse --show-toplevel [13ms]
2023-07-04 13:12:19.619 [info] fatal: not a git repository (or any parent up to mount point /)
Stopping at filesystem boundary (GIT_DISCOVERY_ACROSS_FILESYSTEM not set).
2023-07-04 13:12:19.639 [info] > git rev-parse --show-toplevel [8ms]
2023-07-04 13:12:19.641 [info] fatal: not a git repository (or any parent up to mount point /)
Stopping at filesystem boundary (GIT_DISCOVERY_ACROSS_FILESYSTEM not set).
2023-07-04 13:12:19.658 [info] > git rev-parse --show-toplevel [7ms]
2023-07-04 13:12:19.659 [info] fatal: not a git repository (or any parent up to mount point /)
Stopping at filesystem boundary (GIT_DISCOVERY_ACROSS_FILESYSTEM not set).
2023-07-04 13:13:16.906 [info] > git rev-parse --show-toplevel [10ms]
2023-07-04 13:13:16.907 [info] fatal: not a git repository (or any parent up to mount point /)
Stopping at filesystem boundary (GIT_DISCOVERY_ACROSS_FILESYSTEM not set).
2023-07-04 13:13:16.982 [info] > git rev-parse --show-toplevel [18ms]
2023-07-04 13:13:16.985 [info] fatal: not a git repository (or any parent up to mount point /)
Stopping at filesystem boundary (GIT_DISCOVERY_ACROSS_FILESYSTEM not set).
2023-07-04 13:13:17.006 [info] > git rev-parse --show-toplevel [6ms]
2023-07-04 13:13:17.009 [info] fatal: not a git repository (or any of the parent directories): .git
2023-07-04 13:13:19.335 [info] > git rev-parse --show-toplevel [12ms]
2023-07-04 13:13:19.336 [info] fatal: not a git repository (or any parent up to mount point /)
Stopping at filesystem boundary (GIT_DISCOVERY_ACROSS_FILESYSTEM not set).
2023-07-04 13:13:19.360 [info] > git rev-parse --show-toplevel [8ms]
2023-07-04 13:13:19.361 [info] fatal: not a git repository (or any parent up to mount point /)
Stopping at filesystem boundary (GIT_DISCOVERY_ACROSS_FILESYSTEM not set).
2023-07-04 13:13:19.379 [info] > git rev-parse --show-toplevel [8ms]
2023-07-04 13:13:19.381 [info] fatal: not a git repository (or any parent up to mount point /)
Stopping at filesystem boundary (GIT_DISCOVERY_ACROSS_FILESYSTEM not set).
2023-07-04 13:13:33.001 [info] > git rev-parse --show-toplevel [7ms]
2023-07-04 13:13:33.008 [info] fatal: not a git repository (or any parent up to mount point /)
Stopping at filesystem boundary (GIT_DISCOVERY_ACROSS_FILESYSTEM not set).
2023-07-04 13:13:33.024 [info] > git rev-parse --show-toplevel [6ms]
2023-07-04 13:13:33.025 [info] fatal: not a git repository (or any parent up to mount point /)
Stopping at filesystem boundary (GIT_DISCOVERY_ACROSS_FILESYSTEM not set).
2023-07-04 13:13:33.037 [info] > git rev-parse --show-toplevel [3ms]
2023-07-04 13:13:33.038 [info] fatal: not a git repository (or any of the parent directories): .git
2023-07-04 13:13:36.276 [info] > git rev-parse --show-toplevel [11ms]
2023-07-04 13:13:36.277 [info] fatal: not a git repository (or any parent up to mount point /)
Stopping at filesystem boundary (GIT_DISCOVERY_ACROSS_FILESYSTEM not set).
2023-07-04 13:13:36.296 [info] > git rev-parse --show-toplevel [8ms]
2023-07-04 13:13:36.298 [info] fatal: not a git repository (or any parent up to mount point /)
Stopping at filesystem boundary (GIT_DISCOVERY_ACROSS_FILESYSTEM not set).
2023-07-04 13:13:36.314 [info] > git rev-parse --show-toplevel [7ms]
2023-07-04 13:13:36.315 [info] fatal: not a git repository (or any parent up to mount point /)
Stopping at filesystem boundary (GIT_DISCOVERY_ACROSS_FILESYSTEM not set).
2023-07-04 13:13:37.860 [info] > git rev-parse --show-toplevel [8ms]
2023-07-04 13:13:37.862 [info] fatal: not a git repository (or any parent up to mount point /)
Stopping at filesystem boundary (GIT_DISCOVERY_ACROSS_FILESYSTEM not set).
2023-07-04 13:13:37.880 [info] > git rev-parse --show-toplevel [7ms]
2023-07-04 13:13:37.881 [info] fatal: not a git repository (or any parent up to mount point /)
Stopping at filesystem boundary (GIT_DISCOVERY_ACROSS_FILESYSTEM not set).
2023-07-04 13:13:37.896 [info] > git rev-parse --show-toplevel [5ms]
2023-07-04 13:13:37.897 [info] fatal: not a git repository (or any of the parent directories): .git
2023-07-04 13:13:41.890 [info] > git rev-parse --show-toplevel [7ms]
2023-07-04 13:13:41.891 [info] fatal: not a git repository (or any parent up to mount point /)
Stopping at filesystem boundary (GIT_DISCOVERY_ACROSS_FILESYSTEM not set).
2023-07-04 13:13:41.908 [info] > git rev-parse --show-toplevel [7ms]
2023-07-04 13:13:41.909 [info] fatal: not a git repository (or any parent up to mount point /)
Stopping at filesystem boundary (GIT_DISCOVERY_ACROSS_FILESYSTEM not set).
2023-07-04 13:13:41.923 [info] > git rev-parse --show-toplevel [5ms]
2023-07-04 13:13:41.924 [info] fatal: not a git repository (or any parent up to mount point /)
Stopping at filesystem boundary (GIT_DISCOVERY_ACROSS_FILESYSTEM not set).
2023-07-04 13:34:58.380 [info] > git rev-parse --show-toplevel [21ms]
2023-07-04 13:34:58.382 [info] fatal: not a git repository (or any parent up to mount point /)
Stopping at filesystem boundary (GIT_DISCOVERY_ACROSS_FILESYSTEM not set).
2023-07-04 13:35:02.069 [info] > git rev-parse --show-toplevel [10ms]
2023-07-04 13:35:02.071 [info] fatal: not a git repository (or any of the parent directories): .git
2023-07-04 13:35:03.106 [info] > git rev-parse --show-toplevel [9ms]
2023-07-04 13:35:03.108 [info] fatal: not a git repository (or any parent up to mount point /)
Stopping at filesystem boundary (GIT_DISCOVERY_ACROSS_FILESYSTEM not set).
2023-07-04 14:51:23.269 [info] > git rev-parse --show-toplevel [8ms]
2023-07-04 14:51:23.270 [info] fatal: not a git repository (or any parent up to mount point /)
Stopping at filesystem boundary (GIT_DISCOVERY_ACROSS_FILESYSTEM not set).
2023-07-04 14:51:30.633 [info] > git rev-parse --show-toplevel [9ms]
2023-07-04 14:51:30.635 [info] fatal: not a git repository (or any parent up to mount point /)
Stopping at filesystem boundary (GIT_DISCOVERY_ACROSS_FILESYSTEM not set).
2023-07-04 14:51:37.460 [info] > git rev-parse --show-toplevel [9ms]
2023-07-04 14:51:37.466 [info] fatal: not a git repository (or any parent up to mount point /)
Stopping at filesystem boundary (GIT_DISCOVERY_ACROSS_FILESYSTEM not set).
2023-07-04 14:54:45.344 [info] > git rev-parse --show-toplevel [11ms]
2023-07-04 14:54:45.346 [info] fatal: not a git repository (or any parent up to mount point /)
Stopping at filesystem boundary (GIT_DISCOVERY_ACROSS_FILESYSTEM not set).
2023-07-04 15:19:37.092 [info] > git rev-parse --show-toplevel [7ms]
2023-07-04 15:19:37.093 [info] fatal: not a git repository (or any of the parent directories): .git
2023-07-04 15:19:44.586 [info] > git rev-parse --show-toplevel [12ms]
2023-07-04 15:19:44.588 [info] fatal: not a git repository (or any parent up to mount point /)
Stopping at filesystem boundary (GIT_DISCOVERY_ACROSS_FILESYSTEM not set).
2023-07-04 16:11:31.603 [info] > git rev-parse --show-toplevel [163ms]
2023-07-04 16:11:31.622 [info] fatal: not a git repository (or any parent up to mount point /)
Stopping at filesystem boundary (GIT_DISCOVERY_ACROSS_FILESYSTEM not set).
2023-07-04 16:27:31.550 [info] > git rev-parse --show-toplevel [10ms]
2023-07-04 16:27:31.553 [info] fatal: not a git repository (or any parent up to mount point /)
Stopping at filesystem boundary (GIT_DISCOVERY_ACROSS_FILESYSTEM not set).
2023-07-04 16:30:43.367 [info] > git rev-parse --show-toplevel [14ms]
2023-07-04 16:30:43.369 [info] fatal: not a git repository (or any parent up to mount point /)
Stopping at filesystem boundary (GIT_DISCOVERY_ACROSS_FILESYSTEM not set).
2023-07-04 16:30:44.480 [info] > git rev-parse --show-toplevel [11ms]
2023-07-04 16:30:44.482 [info] fatal: not a git repository (or any parent up to mount point /)
Stopping at filesystem boundary (GIT_DISCOVERY_ACROSS_FILESYSTEM not set).
2023-07-04 16:33:30.484 [info] > git rev-parse --show-toplevel [21ms]
2023-07-04 16:33:30.490 [info] fatal: not a git repository (or any parent up to mount point /)
Stopping at filesystem boundary (GIT_DISCOVERY_ACROSS_FILESYSTEM not set).
2023-07-04 16:34:46.730 [info] > git rev-parse --show-toplevel [27ms]
2023-07-04 16:34:46.731 [info] fatal: not a git repository (or any parent up to mount point /)
Stopping at filesystem boundary (GIT_DISCOVERY_ACROSS_FILESYSTEM not set).
2023-07-04 16:34:52.702 [info] > git rev-parse --show-toplevel [23ms]
2023-07-04 16:34:52.703 [info] fatal: not a git repository (or any parent up to mount point /)
Stopping at filesystem boundary (GIT_DISCOVERY_ACROSS_FILESYSTEM not set).
2023-07-04 16:41:34.244 [info] > git rev-parse --show-toplevel [21ms]
2023-07-04 16:41:34.246 [info] fatal: not a git repository (or any parent up to mount point /)
Stopping at filesystem boundary (GIT_DISCOVERY_ACROSS_FILESYSTEM not set).
2023-07-04 16:50:15.792 [info] > git rev-parse --show-toplevel [20ms]
2023-07-04 16:50:15.796 [info] fatal: not a git repository (or any parent up to mount point /)
Stopping at filesystem boundary (GIT_DISCOVERY_ACROSS_FILESYSTEM not set).
2023-07-04 16:50:23.522 [info] > git rev-parse --show-toplevel [11ms]
2023-07-04 16:50:23.524 [info] fatal: not a git repository (or any parent up to mount point /)
Stopping at filesystem boundary (GIT_DISCOVERY_ACROSS_FILESYSTEM not set).
2023-07-04 16:50:26.309 [info] > git rev-parse --show-toplevel [15ms]
2023-07-04 16:50:26.311 [info] fatal: not a git repository (or any parent up to mount point /)
Stopping at filesystem boundary (GIT_DISCOVERY_ACROSS_FILESYSTEM not set).
2023-07-04 16:50:34.470 [info] > git rev-parse --show-toplevel [9ms]
2023-07-04 16:50:34.472 [info] fatal: not a git repository (or any parent up to mount point /)
Stopping at filesystem boundary (GIT_DISCOVERY_ACROSS_FILESYSTEM not set).
2023-07-04 16:50:40.402 [info] > git rev-parse --show-toplevel [11ms]
2023-07-04 16:50:40.404 [info] fatal: not a git repository (or any parent up to mount point /)
Stopping at filesystem boundary (GIT_DISCOVERY_ACROSS_FILESYSTEM not set).
2023-07-04 16:50:49.462 [info] > git rev-parse --show-toplevel [7ms]
2023-07-04 16:50:49.464 [info] fatal: not a git repository (or any parent up to mount point /)
Stopping at filesystem boundary (GIT_DISCOVERY_ACROSS_FILESYSTEM not set).
2023-07-04 16:50:50.323 [info] > git rev-parse --show-toplevel [17ms]
2023-07-04 16:50:50.324 [info] fatal: not a git repository (or any parent up to mount point /)
Stopping at filesystem boundary (GIT_DISCOVERY_ACROSS_FILESYSTEM not set).
2023-07-04 17:02:41.961 [info] > git rev-parse --show-toplevel [17ms]
2023-07-04 17:02:41.963 [info] fatal: not a git repository (or any parent up to mount point /)
Stopping at filesystem boundary (GIT_DISCOVERY_ACROSS_FILESYSTEM not set).
2023-07-04 17:02:43.800 [info] > git rev-parse --show-toplevel [6ms]
2023-07-04 17:02:43.802 [info] fatal: not a git repository (or any parent up to mount point /)
Stopping at filesystem boundary (GIT_DISCOVERY_ACROSS_FILESYSTEM not set).
2023-07-04 17:02:44.484 [info] > git rev-parse --show-toplevel [10ms]
2023-07-04 17:02:44.485 [info] fatal: not a git repository (or any parent up to mount point /)
Stopping at filesystem boundary (GIT_DISCOVERY_ACROSS_FILESYSTEM not set).
2023-07-04 17:03:18.118 [info] > git rev-parse --show-toplevel [21ms]
2023-07-04 17:03:18.120 [info] fatal: not a git repository (or any parent up to mount point /)
Stopping at filesystem boundary (GIT_DISCOVERY_ACROSS_FILESYSTEM not set).
2023-07-04 17:03:26.799 [info] > git rev-parse --show-toplevel [22ms]
2023-07-04 17:03:26.804 [info] fatal: not a git repository (or any parent up to mount point /)
Stopping at filesystem boundary (GIT_DISCOVERY_ACROSS_FILESYSTEM not set).
2023-07-04 17:05:58.199 [info] > git rev-parse --show-toplevel [9ms]
2023-07-04 17:05:58.202 [info] fatal: not a git repository (or any parent up to mount point /)
Stopping at filesystem boundary (GIT_DISCOVERY_ACROSS_FILESYSTEM not set).
2023-07-05 09:11:20.914 [info] > git rev-parse --show-toplevel [18ms]
2023-07-05 09:11:20.939 [info] fatal: not a git repository (or any parent up to mount point /)
Stopping at filesystem boundary (GIT_DISCOVERY_ACROSS_FILESYSTEM not set).
