2023-07-04 10:55:49.947 [info] 実験 'pythonPromptNewFormatterExt' はアクティブです
2023-07-04 10:55:49.948 [info] 実験 'pythonPromptNewToolsExt' はアクティブです
2023-07-04 10:55:49.957 [info] Test server listening.
2023-07-04 10:55:49.960 [warning] Failed to check if /usr/local/bin/python3.9 is an executable [Error: ENOENT: no such file or directory, lstat '/usr/local/bin/python3.9'] {
  errno: -2,
  code: 'ENOENT',
  syscall: 'lstat',
  path: '/usr/local/bin/python3.9'
}
2023-07-04 10:55:49.994 [info] > /usr/local/bin/python3.9 -I ./.vscode-server/extensions/ms-python.python-2023.10.1/pythonFiles/get_output_via_markers.py ./.vscode-server/extensions/ms-python.python-2023.10.1/pythonFiles/interpreterInfo.py
2023-07-04 10:55:50.003 [error] [Error: Command failed: /usr/local/bin/python3.9 -I /root/.vscode-server/extensions/ms-python.python-2023.10.1/pythonFiles/get_output_via_markers.py /root/.vscode-server/extensions/ms-python.python-2023.10.1/pythonFiles/interpreterInfo.py
/bin/sh: 1: /usr/local/bin/python3.9: not found

	at ChildProcess.exithandler (node:child_process:400:12)
	at ChildProcess.emit (node:events:513:28)
	at maybeClose (node:internal/child_process:1093:16)
	at Socket.<anonymous> (node:internal/child_process:451:11)
	at Socket.emit (node:events:513:28)
	at Pipe.<anonymous> (node:net:757:14)] {
  code: 127,
  killed: false,
  signal: null,
  cmd: '/usr/local/bin/python3.9 -I /root/.vscode-server/extensions/ms-python.python-2023.10.1/pythonFiles/get_output_via_markers.py /root/.vscode-server/extensions/ms-python.python-2023.10.1/pythonFiles/interpreterInfo.py'
}
2023-07-04 10:55:50.129 [warning] Retry failed, storage update failed for key PYTHON_GLOBAL_STORAGE_KEYS
2023-07-04 10:55:50.131 [warning] Retry failed, storage update failed for key PYTHON_WORKSPACE_STORAGE_KEYS
2023-07-04 10:55:50.132 [warning] Retry failed, storage update failed for key PYTHON_WORKSPACE_STORAGE_KEYS
2023-07-04 10:55:50.135 [warning] Retry failed, storage update failed for key PYTHON_WORKSPACE_STORAGE_KEYS
2023-07-04 10:55:50.353 [info] > /usr/bin/python3 -I ./.vscode-server/extensions/ms-python.python-2023.10.1/pythonFiles/get_output_via_markers.py ./.vscode-server/extensions/ms-python.python-2023.10.1/pythonFiles/interpreterInfo.py
2023-07-04 10:55:51.448 [info] Pylance 言語サーバーを開始しています。
2023-07-04 10:55:52.012 [info] > /usr/local/bin/python3.9 -I ./.vscode-server/extensions/ms-python.python-2023.10.1/pythonFiles/get_output_via_markers.py ./.vscode-server/extensions/ms-python.python-2023.10.1/pythonFiles/interpreterInfo.py
2023-07-04 10:55:52.016 [error] [Error: Command failed: /usr/local/bin/python3.9 -I /root/.vscode-server/extensions/ms-python.python-2023.10.1/pythonFiles/get_output_via_markers.py /root/.vscode-server/extensions/ms-python.python-2023.10.1/pythonFiles/interpreterInfo.py
/bin/sh: 1: /usr/local/bin/python3.9: not found

	at ChildProcess.exithandler (node:child_process:400:12)
	at ChildProcess.emit (node:events:513:28)
	at maybeClose (node:internal/child_process:1093:16)
	at Socket.<anonymous> (node:internal/child_process:451:11)
	at Socket.emit (node:events:513:28)
	at Pipe.<anonymous> (node:net:757:14)] {
  code: 127,
  killed: false,
  signal: null,
  cmd: '/usr/local/bin/python3.9 -I /root/.vscode-server/extensions/ms-python.python-2023.10.1/pythonFiles/get_output_via_markers.py /root/.vscode-server/extensions/ms-python.python-2023.10.1/pythonFiles/interpreterInfo.py'
}
2023-07-04 11:55:32.640 [info] Python インタープリター パス: /usr/bin/python3
2023-07-04 11:56:41.199 [info] Discover tests for workspace name: root - uri: /root/word_add_sub.py
2023-07-04 11:57:34.188 [info] > conda info --json
2023-07-04 11:57:34.211 [info] Found: /bin/python3 --> /bin/python3.11
2023-07-04 11:57:34.213 [info] Found: /bin/python3.11 --> /bin/python3.11
2023-07-04 11:57:34.229 [info] Found: /usr/bin/python3 --> /usr/bin/python3.11
2023-07-04 11:57:34.231 [info] Found: /usr/bin/python3.11 --> /usr/bin/python3.11
2023-07-04 11:57:34.237 [info] Found: /usr/local/bin/python --> /usr/local/bin/python3.11
2023-07-04 11:57:34.240 [info] Found: /usr/local/bin/python3 --> /usr/local/bin/python3.11
2023-07-04 11:57:34.242 [info] Found: /usr/local/bin/python3.11 --> /usr/local/bin/python3.11
2023-07-04 11:57:34.268 [info] > /bin/python3 -I ./.vscode-server/extensions/ms-python.python-2023.10.1/pythonFiles/get_output_via_markers.py ./.vscode-server/extensions/ms-python.python-2023.10.1/pythonFiles/interpreterInfo.py
2023-07-04 11:57:34.305 [info] > /usr/local/bin/python -I ./.vscode-server/extensions/ms-python.python-2023.10.1/pythonFiles/get_output_via_markers.py ./.vscode-server/extensions/ms-python.python-2023.10.1/pythonFiles/interpreterInfo.py
2023-07-04 11:57:47.599 [info] Discover tests for workspace name: root - uri: /root
2023-07-04 11:57:47.603 [info] Python インタープリター パス: /bin/python3
2023-07-04 11:58:26.744 [info] Discover tests for workspace name: root - uri: /root
2023-07-04 11:58:26.751 [info] Python インタープリター パス: /usr/local/bin/python
2023-07-04 11:58:59.401 [info] Discover tests for workspace name: root - uri: /root/.vscode-server/data/User/History/71a202fd/ndT7.py
2023-07-04 12:00:35.665 [info] Discover tests for workspace name: root - uri: /root/.vscode-server/data/User/History/583b6158/X2gC.py
2023-07-04 12:05:31.787 [info] Discover tests for workspace name: root - uri: /root/word_add_sub.py
2023-07-04 12:08:33.763 [info] Discover tests for workspace name: root - uri: /root/word_add_sub.py
2023-07-04 12:08:39.776 [info] Discover tests for workspace name: root - uri: /root/word_add_sub.py
2023-07-04 12:09:01.846 [info] Discover tests for workspace name: root - uri: /root/word_add_sub.py
2023-07-04 12:09:14.254 [info] Discover tests for workspace name: root - uri: /root/.vscode-server/data/User/History/71a202fd/zB8c.py
2023-07-04 12:09:22.619 [info] Discover tests for workspace name: root - uri: /root/word_add_sub.py
2023-07-04 12:11:02.213 [info] Discover tests for workspace name: root - uri: /root/.vscode-server/data/User/History/71a202fd/KPoX.py
2023-07-04 12:11:12.080 [info] Discover tests for workspace name: root - uri: /root/.vscode-server/data/User/History/71a202fd/KPoX.py
2023-07-04 12:11:12.542 [info] Send text to terminal: python -u "/root/word_add_sub.py"
2023-07-04 12:14:49.673 [info] Discover tests for workspace name: root - uri: /root/.vscode-server/data/User/History/71a202fd/q4Zp.py
2023-07-04 12:50:20.676 [info] Discover tests for workspace name: root - uri: /root/word_add_sub.py
2023-07-04 12:52:42.788 [info] Discover tests for workspace name: root - uri: /root/word_add_sub.py
2023-07-04 12:54:41.697 [info] Discover tests for workspace name: root - uri: /root/word_add_sub.py
2023-07-04 12:54:50.820 [info] Discover tests for workspace name: root - uri: /root/helloworld.py
2023-07-04 12:54:56.324 [info] Discover tests for workspace name: root - uri: /root/.vscode-server/data/User/History/-39d355b6/p2gl.py
2023-07-04 12:54:57.135 [info] Send text to terminal: python -u "/root/helloworld.py"
2023-07-04 12:57:02.234 [info] Discover tests for workspace name: root - uri: /root/helloworld.py
2023-07-04 12:57:03.758 [info] Send text to terminal: python -u "/root/helloworld.py"
2023-07-04 13:11:18.777 [info] Discover tests for workspace name: root - uri: /root/.vscode-server/data/User/History/-39d355b6/eRcX.py
2023-07-04 13:11:46.168 [info] Send text to terminal: python -u "/root/helloworld.py"
2023-07-04 13:13:08.262 [info] Discover tests for workspace name: root - uri: /root/helloworld.py
2023-07-04 13:13:16.046 [info] Discover tests for workspace name: root - uri: /root/helloworld.py
2023-07-04 13:34:17.776 [info] Discover tests for workspace name: root - uri: /root/helloworld.py
2023-07-04 13:34:46.222 [info] Discover tests for workspace name: root - uri: /root/helloworld.py
2023-07-04 13:34:48.572 [info] Discover tests for workspace name: root - uri: /root/helloworld.py
2023-07-04 13:34:52.066 [info] Discover tests for workspace name: root - uri: /root/.vscode-server/data/User/History/-39d355b6/C5dI.py
2023-07-04 13:35:02.318 [info] Discover tests for workspace name: root - uri: /root/helloworld.py
2023-07-04 13:36:19.870 [info] Discover tests for workspace name: root - uri: /root/.vscode-server/data/User/History/71a202fd/K8u7.py
2023-07-04 13:36:23.644 [info] Discover tests for workspace name: root - uri: /root/word_add_sub.py
2023-07-04 13:36:40.695 [info] Discover tests for workspace name: root - uri: /root/.vscode-server/data/User/History/71a202fd/7jC8.py
2023-07-04 13:37:01.910 [info] Discover tests for workspace name: root - uri: /root/.vscode-server/data/User/History/71a202fd/vCkp.py
2023-07-04 13:37:20.151 [info] Discover tests for workspace name: root - uri: /root/word_add_sub.py
2023-07-04 13:37:28.573 [info] Discover tests for workspace name: root - uri: /root/word_add_sub.py
2023-07-04 13:37:34.892 [info] Send text to terminal: python -u "/root/word_add_sub.py"
2023-07-04 13:40:24.183 [info] Discover tests for workspace name: root - uri: /root/word_add_sub.py
2023-07-04 13:40:35.393 [info] Discover tests for workspace name: root - uri: /root/word_add_sub.py
2023-07-04 13:59:17.388 [info] Discover tests for workspace name: root - uri: /root/word_add_sub.py
2023-07-04 13:59:23.133 [info] Discover tests for workspace name: root - uri: /root/word_add_sub.py
2023-07-04 14:14:38.998 [info] Discover tests for workspace name: root - uri: /root/word_add_sub.py
2023-07-04 14:14:43.720 [info] Discover tests for workspace name: root - uri: /root/word_add_sub.py
2023-07-04 14:14:54.463 [info] Send text to terminal: python -u "/root/word_add_sub.py"
2023-07-04 14:15:25.710 [info] Discover tests for workspace name: root - uri: /root/.vscode-server/data/User/History/71a202fd/m0aX.py
2023-07-04 14:15:58.047 [info] Discover tests for workspace name: root - uri: /root/.vscode-server/data/User/History/71a202fd/f4T1.py
2023-07-04 14:19:17.919 [info] Discover tests for workspace name: root - uri: /root/.vscode-server/data/User/History/71a202fd/md5u.py
2023-07-04 14:20:15.340 [info] Discover tests for workspace name: root - uri: /root/word_add_sub.py
2023-07-04 14:20:36.514 [info] Discover tests for workspace name: root - uri: /root/.vscode-server/data/User/History/71a202fd/AVKi.py
2023-07-04 14:20:39.084 [info] Discover tests for workspace name: root - uri: /root/.vscode-server/data/User/History/71a202fd/AVKi.py
2023-07-04 14:34:06.540 [info] Discover tests for workspace name: root - uri: /root/word_add_sub.py
2023-07-04 14:34:49.453 [info] Discover tests for workspace name: root - uri: /root/.vscode-server/data/User/History/71a202fd/N594.py
2023-07-04 14:34:55.671 [info] Discover tests for workspace name: root - uri: /root/word_add_sub.py
2023-07-04 14:35:14.051 [info] Discover tests for workspace name: root - uri: /root/.vscode-server/data/User/History/71a202fd/dBEw.py
2023-07-04 14:37:53.461 [info] Discover tests for workspace name: root - uri: /root/word_add_sub.py
2023-07-04 14:38:37.576 [info] Discover tests for workspace name: root - uri: /root/.vscode-server/data/User/History/71a202fd/fXq2.py
2023-07-04 14:38:51.981 [info] Discover tests for workspace name: root - uri: /root/word_add_sub.py
2023-07-04 14:39:04.579 [info] Discover tests for workspace name: root - uri: /root/.vscode-server/data/User/History/71a202fd/zFfi.py
2023-07-04 14:41:23.471 [info] Discover tests for workspace name: root - uri: /root/word_add_sub.py
2023-07-04 14:42:27.176 [info] Discover tests for workspace name: root - uri: /root/.vscode-server/data/User/History/71a202fd/e2I4.py
2023-07-04 14:42:51.769 [info] Discover tests for workspace name: root - uri: /root/word_add_sub.py
2023-07-04 14:43:35.433 [info] Discover tests for workspace name: root - uri: /root/.vscode-server/data/User/History/71a202fd/DmVn.py
2023-07-04 14:44:48.194 [info] Discover tests for workspace name: root - uri: /root/.vscode-server/data/User/History/71a202fd/IOEv.py
2023-07-04 14:44:52.136 [info] Discover tests for workspace name: root - uri: /root/word_add_sub.py
2023-07-04 14:44:53.362 [info] Discover tests for workspace name: root - uri: /root/word_add_sub.py
2023-07-04 14:45:07.378 [info] Discover tests for workspace name: root - uri: /root/word_add_sub.py
2023-07-04 14:47:03.600 [info] Discover tests for workspace name: root - uri: /root/.vscode-server/data/User/History/71a202fd/eweZ.py
2023-07-04 14:47:27.052 [info] Discover tests for workspace name: root - uri: /root/word_add_sub.py
2023-07-04 14:47:36.957 [info] Discover tests for workspace name: root - uri: /root/word_add_sub.py
2023-07-04 14:48:03.045 [info] Discover tests for workspace name: root - uri: /root/.vscode-server/data/User/History/71a202fd/2nz6.py
2023-07-04 14:48:24.194 [info] Discover tests for workspace name: root - uri: /root/.vscode-server/data/User/History/71a202fd/FsGD.py
2023-07-04 14:48:27.818 [info] Discover tests for workspace name: root - uri: /root/word_add_sub.py
2023-07-04 14:48:44.410 [info] Discover tests for workspace name: root - uri: /root/word_add_sub.py
2023-07-04 14:49:16.487 [info] Discover tests for workspace name: root - uri: /root/.vscode-server/data/User/History/71a202fd/pHKZ.py
2023-07-04 14:50:31.569 [info] Discover tests for workspace name: root - uri: /root/word_add_sub.py
2023-07-04 14:50:49.195 [info] Discover tests for workspace name: root - uri: /root/word_add_sub.py
2023-07-04 14:51:37.177 [info] Discover tests for workspace name: root - uri: /root/word_add_sub.py
2023-07-04 14:57:00.343 [info] Discover tests for workspace name: root - uri: /root/.vscode-server/data/User/History/71a202fd/5Ox3.py
2023-07-04 14:57:19.207 [info] Discover tests for workspace name: root - uri: /root/.vscode-server/data/User/History/71a202fd/MCxG.py
2023-07-04 14:58:08.814 [info] Discover tests for workspace name: root - uri: /root/word_add_sub.py
2023-07-04 15:04:51.540 [info] Discover tests for workspace name: root - uri: /root/word_add_sub.py
2023-07-04 15:07:20.128 [info] Discover tests for workspace name: root - uri: /root/word_add_sub.py
2023-07-04 15:19:51.883 [info] Discover tests for workspace name: root - uri: /root/.vscode-server/data/User/History/71a202fd/ndT7.py
2023-07-04 15:50:47.218 [info] Discover tests for workspace name: root - uri: /root/.vscode-server/data/User/History/71a202fd/Gzd1.py
2023-07-04 16:30:47.954 [info] Discover tests for workspace name: root - uri: /root/.vscode-server/data/User/History/583b6158/LMdr.py
2023-07-04 16:30:52.764 [info] Send text to terminal: python -u "/root/game.py"
2023-07-04 16:31:07.455 [info] Discover tests for workspace name: root - uri: /root/.vscode-server/data/User/History/583b6158/UTuF.py
2023-07-04 16:31:23.346 [info] Discover tests for workspace name: root - uri: /root/game.py
2023-07-04 16:33:41.545 [info] Discover tests for workspace name: root - uri: /root/.vscode-server/data/User/History/71a202fd/ew3V.py
2023-07-04 16:34:45.987 [info] Discover tests for workspace name: root - uri: /root/.vscode-server/data/User/History/71a202fd/mofN.py
2023-07-04 16:41:50.807 [info] Discover tests for workspace name: root - uri: /root/.vscode-server/data/User/History/71a202fd/zB8c.py
2023-07-04 16:50:15.885 [info] Discover tests for workspace name: root - uri: /root/save.py
2023-07-04 16:50:29.946 [info] Discover tests for workspace name: root - uri: /root/.vscode-server/data/User/History/-2c7b0413/znQF.py
2023-07-04 16:51:12.322 [info] Discover tests for workspace name: root - uri: /root/save.py
2023-07-04 16:52:03.473 [info] Discover tests for workspace name: root - uri: /root/save.py
2023-07-04 17:03:03.287 [info] Discover tests for workspace name: root - uri: /root/.vscode-server/data/User/History/71a202fd/KPoX.py
2023-07-04 17:03:41.014 [info] Discover tests for workspace name: root - uri: /root/game.py
2023-07-04 17:06:01.557 [info] Discover tests for workspace name: root - uri: /root/game.py
