2023-07-05 09:12:14.009 [info] ログ レベル: Info
2023-07-05 09:12:14.012 [info] Git の検証が検出されました: "git"
2023-07-05 09:12:14.013 [info] "git" から Git "2.39.2" を使用しています
2023-07-05 09:12:14.014 [info] > git rev-parse --show-toplevel [761ms]
2023-07-05 09:12:14.019 [info] fatal: not a git repository (or any parent up to mount point /)
Stopping at filesystem boundary (GIT_DISCOVERY_ACROSS_FILESYSTEM not set).
2023-07-05 09:12:14.021 [info] > git rev-parse --show-toplevel [27ms]
2023-07-05 09:12:14.029 [info] fatal: not a git repository (or any parent up to mount point /)
Stopping at filesystem boundary (GIT_DISCOVERY_ACROSS_FILESYSTEM not set).
2023-07-05 09:12:14.030 [info] > git rev-parse --show-toplevel [15ms]
2023-07-05 09:12:14.031 [info] fatal: not a git repository (or any parent up to mount point /)
Stopping at filesystem boundary (GIT_DISCOVERY_ACROSS_FILESYSTEM not set).
2023-07-05 09:12:14.032 [info] > git rev-parse --show-toplevel [12ms]
2023-07-05 09:12:14.033 [info] fatal: not a git repository (or any parent up to mount point /)
Stopping at filesystem boundary (GIT_DISCOVERY_ACROSS_FILESYSTEM not set).
2023-07-05 09:12:14.034 [info] > git rev-parse --show-toplevel [409ms]
2023-07-05 09:12:14.035 [info] fatal: not a git repository (or any parent up to mount point /)
Stopping at filesystem boundary (GIT_DISCOVERY_ACROSS_FILESYSTEM not set).
2023-07-05 09:12:14.036 [info] > git rev-parse --show-toplevel [17ms]
2023-07-05 09:12:14.037 [info] fatal: not a git repository (or any parent up to mount point /)
Stopping at filesystem boundary (GIT_DISCOVERY_ACROSS_FILESYSTEM not set).
2023-07-05 09:12:14.037 [info] > git rev-parse --show-toplevel [6ms]
2023-07-05 09:12:14.038 [info] fatal: not a git repository (or any parent up to mount point /)
Stopping at filesystem boundary (GIT_DISCOVERY_ACROSS_FILESYSTEM not set).
2023-07-05 09:12:14.039 [info] > git rev-parse --show-toplevel [17ms]
2023-07-05 09:12:14.040 [info] fatal: not a git repository (or any parent up to mount point /)
Stopping at filesystem boundary (GIT_DISCOVERY_ACROSS_FILESYSTEM not set).
