2023-07-04 10:52:15.324 [info] Extension host with pid 334 started
2023-07-04 10:52:15.350 [info] Lock '/root/.vscode-server/data/User/workspaceStorage/cef26472797794d4d938284c378c7fb9/vscode.lock': Lock acquired.
2023-07-04 10:52:15.549 [info] ExtensionService#_doActivateExtension vscode.emmet, startup: false, activationEvent: 'onLanguage'
2023-07-04 10:52:15.787 [info] ExtensionService#_doActivateExtension vscode.git-base, startup: true, activationEvent: '*', root cause: vscode.git
2023-07-04 10:52:15.879 [info] ExtensionService#_doActivateExtension vscode.git, startup: true, activationEvent: '*'
2023-07-04 10:52:15.881 [info] ExtensionService#_doActivateExtension vscode.github, startup: true, activationEvent: '*'
2023-07-04 10:52:16.273 [info] Eager extensions activated
2023-07-04 10:52:16.275 [info] ExtensionService#_doActivateExtension vscode.debug-auto-launch, startup: false, activationEvent: 'onStartupFinished'
2023-07-04 10:52:16.277 [info] ExtensionService#_doActivateExtension vscode.merge-conflict, startup: false, activationEvent: 'onStartupFinished'
2023-07-04 10:53:48.680 [info] ExtensionService#_doActivateExtension vscode.npm, startup: false, activationEvent: 'onTerminalQuickFixRequest:ms-vscode.npm-command'
2023-07-04 10:55:49.042 [info] ExtensionService#_doActivateExtension ms-python.python, startup: false, activationEvent: 'onLanguage:python'
2023-07-04 10:55:49.383 [warning] Using default string since no string found in i18n bundle that has the key: You need to select a Python interpreter before you start debugging.

Tip: click on "Select Interpreter" in the status bar.
2023-07-04 10:55:49.384 [warning] Using default string since no string found in i18n bundle that has the key: The Python extension now includes Pylance to improve completions, code navigation, overall performance and much more! You can learn more about the update and learn how to change your language server [here](https://aka.ms/new-python-bundle).

Read Pylance's license [here](https://marketplace.visualstudio.com/items/ms-python.vscode-pylance/license).
2023-07-04 10:55:49.386 [warning] Using default string since no string found in i18n bundle that has the key: The Microsoft Python Language Server has reached end of life. Your language server has been set to the default for Python in VS Code, Pylance.

If you'd like to change your language server, you can learn about how to do so [here](https://devblogs.microsoft.com/python/python-in-visual-studio-code-may-2021-release/#configuring-your-language-server).

Read Pylance's license [here](https://marketplace.visualstudio.com/items/ms-python.vscode-pylance/license).
2023-07-04 10:55:49.654 [info] ExtensionService#_doActivateExtension ms-python.vscode-pylance, startup: false, activationEvent: 'onLanguage:python'
2023-07-04 12:04:08.813 [error] [ms-python.python] provider FAILED
2023-07-04 12:04:08.815 [error] TypeError: Cannot read properties of undefined (reading 'data')
	at /root/.vscode-server/extensions/ms-python.vscode-pylance-2023.6.40/dist/extension.bundle.js:1:79127
	at _0x3889ff (/root/.vscode-server/extensions/ms-python.vscode-pylance-2023.6.40/dist/extension.bundle.js:1:88406)
	at async q.provideCompletionItems (/root/.vscode-server/bin/b380da4ef1ee00e224a15c1d4d9793e27c2b6302/out/vs/workbench/api/node/extensionHostProcess.js:102:51239)
2023-07-04 12:05:59.436 [info] ExtensionService#_doActivateExtension formulahendry.code-runner, startup: false, activationEvent: 'onStartupFinished'
2023-07-04 12:06:12.590 [info] ExtensionService#_doActivateExtension esbenp.prettier-vscode, startup: false, activationEvent: 'onStartupFinished'
2023-07-04 12:09:22.126 [error] [ms-python.python] provider FAILED
2023-07-04 12:09:22.127 [error] Error: DisposableStore is missing...
	at q.l (/root/.vscode-server/bin/b380da4ef1ee00e224a15c1d4d9793e27c2b6302/out/vs/workbench/api/node/extensionHostProcess.js:102:52389)
	at q.resolveCompletionItem (/root/.vscode-server/bin/b380da4ef1ee00e224a15c1d4d9793e27c2b6302/out/vs/workbench/api/node/extensionHostProcess.js:102:52245)
2023-07-05 09:11:21.008 [info] Extension host terminating: received terminate message from renderer
2023-07-05 09:11:21.043 [info] Lock '/root/.vscode-server/data/User/workspaceStorage/cef26472797794d4d938284c378c7fb9/vscode.lock': Marking the lockfile as scheduled to be released in 6000 ms.
2023-07-05 09:11:21.172 [info] Extension host with pid 334 exiting with code 0
